----------------------------------------
HandlingInstanceID: 7b44cbb6-7110-47ea-b435-7a5c2917dbfe
An exception of type 'System.IO.FileLoadException' occurred and was caught.
---------------------------------------------------------------------------
01/19/2014 13:06:36
Type : System.IO.FileLoadException, mscorlib, Version=4.0.0.0, Culture=neutral, PublicKeyToken=b77a5c561934e089
Message : Die Datei oder Assembly "Elysium, Version=1.5.926.0, Culture=neutral, PublicKeyToken=afa220db249e5b15" oder eine Abh채ngigkeit davon wurde nicht gefunden. Die gefundene Manifestdefinition der Assembly stimmt nicht mit dem Assemblyverweis 체berein. (Ausnahme von HRESULT: 0x80131040)
Source : mscorlib
Help link : 
FileName : Elysium, Version=1.5.926.0, Culture=neutral, PublicKeyToken=afa220db249e5b15
FusionLog : === Zustandsinformationen vor Bindung ===
LOG: DisplayName = Elysium, Version=1.5.926.0, Culture=neutral, PublicKeyToken=afa220db249e5b15
 (Fully-specified)
LOG: Appbase = file:///C:/Users/Tauron/Documents/Visual Studio 2012/Projects/RadioStreamer Slim/RadioStreamer/bin/Debug/
LOG: Urspr체nglicher PrivatePath = NULL
Aufruf von Assembly : Tauron.Application.RadioStreamer.Views, Version=1.0.0.0, Culture=neutral, PublicKeyToken=null.
===
LOG: Diese Bindung startet im default-Load-Kontext.
LOG: Die Anwendungskonfigurationsdatei wird verwendet: C:\Users\Tauron\Documents\Visual Studio 2012\Projects\RadioStreamer Slim\RadioStreamer\bin\Debug\RadioStreamer.vshost.exe.config
LOG: Die Hostkonfigurationsdatei wird verwendet: 
LOG: Die Computerkonfigurationsdatei von C:\Windows\Microsoft.NET\Framework\v4.0.30319\config\machine.config wird verwendet.
LOG: Verweis nach der Richtlinie: Elysium, Version=1.5.926.0, Culture=neutral, PublicKeyToken=afa220db249e5b15
LOG: Download von neuem URL file:///C:/Users/Tauron/Documents/Visual Studio 2012/Projects/RadioStreamer Slim/RadioStreamer/bin/Debug/Elysium.DLL.
WRN: Der Vergleich des Assemblynamens f체hrte zum Konflikt: Hauptversion.
ERR: Das Setup der Assembly konnte nicht abgeschlossen werden (hr = 0x80131040). Die Suche wurde beendet.

Data : System.Collections.ListDictionaryInternal
TargetSite : Void ResolveType(System.Reflection.RuntimeModule, Int32, IntPtr*, Int32, IntPtr*, Int32, System.Runtime.CompilerServices.ObjectHandleOnStack)
HResult : -2146234304
Stack Trace :    bei System.ModuleHandle.ResolveType(RuntimeModule module, Int32 typeToken, IntPtr* typeInstArgs, Int32 typeInstCount, IntPtr* methodInstArgs, Int32 methodInstCount, ObjectHandleOnStack type)
   bei System.ModuleHandle.ResolveTypeHandleInternal(RuntimeModule module, Int32 typeToken, RuntimeTypeHandle[] typeInstantiationContext, RuntimeTypeHandle[] methodInstantiationContext)
   bei System.Reflection.RuntimeModule.ResolveType(Int32 metadataToken, Type[] genericTypeArguments, Type[] genericMethodArguments)
   bei System.Reflection.CustomAttribute.FilterCustomAttributeRecord(CustomAttributeRecord caRecord, MetadataImport scope, Assembly& lastAptcaOkAssembly, RuntimeModule decoratedModule, MetadataToken decoratedToken, RuntimeType attributeFilterType, Boolean mustBeInheritable, Object[] attributes, IList derivedAttributes, RuntimeType& attributeType, IRuntimeMethodInfo& ctor, Boolean& ctorHasParameters, Boolean& isVarArg)
   bei System.Reflection.CustomAttribute.GetCustomAttributes(RuntimeModule decoratedModule, Int32 decoratedMetadataToken, Int32 pcaCount, RuntimeType attributeFilterType, Boolean mustBeInheritable, IList derivedAttributes, Boolean isDecoratedTargetSecurityTransparent)
   bei System.Reflection.CustomAttribute.GetCustomAttributes(RuntimeType type, RuntimeType caType, Boolean inherit)
   bei System.RuntimeType.GetCustomAttributes(Type attributeType, Boolean inherit)
   bei Tauron.Application.Ioc.BuildUp.Exports.DefaultExports.DefaultExport.IsExport(ICustomAttributeProvider type) in c:\Users\Tauron\Documents\Visual Studio 2012\Projects\X-Force-Rewrite\X-Force-Rewrite\Tauron.Application.Common\Application\Ioc\BuildUp\Exports\DefaultExports\DefaultExport.cs:Zeile 211.
   bei Tauron.Application.Ioc.BuildUp.Exports.DefaultExports.DefaultExportFactory.Create(Type type) in c:\Users\Tauron\Documents\Visual Studio 2012\Projects\X-Force-Rewrite\X-Force-Rewrite\Tauron.Application.Common\Application\Ioc\BuildUp\Exports\DefaultExports\DefaultExportFactory.cs:Zeile 83.
   bei Tauron.Application.Ioc.ExportResolver.TypeExportProvider.CreateExports(IExportFactory factory) in c:\Users\Tauron\Documents\Visual Studio 2012\Projects\X-Force-Rewrite\X-Force-Rewrite\Tauron.Application.Common\Application\Ioc\ExportResolver.cs:Zeile 641.
   bei Tauron.Application.Ioc.ExportResolver.AssemblyExportProvider.CreateExports(IExportFactory factory) in c:\Users\Tauron\Documents\Visual Studio 2012\Projects\X-Force-Rewrite\X-Force-Rewrite\Tauron.Application.Common\Application\Ioc\ExportResolver.cs:Zeile 313.
   bei Tauron.Application.Ioc.ExportResolver.PathExportProvider.<>c__DisplayClass2.<CreateExports>b__1(AssemblyExportProvider pro) in c:\Users\Tauron\Documents\Visual Studio 2012\Projects\X-Force-Rewrite\X-Force-Rewrite\Tauron.Application.Common\Application\Ioc\ExportResolver.cs:Zeile 496.
   bei System.Linq.Enumerable.<SelectManyIterator>d__14`2.MoveNext()
   bei Tauron.Application.Ioc.ExportResolver.Fill(ComponentRegistry componentRegistry, ExportRegistry exportRegistry, ExportProviderRegistry exportProviderRegistry) in c:\Users\Tauron\Documents\Visual Studio 2012\Projects\X-Force-Rewrite\X-Force-Rewrite\Tauron.Application.Common\Application\Ioc\ExportResolver.cs:Zeile 213.
   bei Tauron.Application.Ioc.DefaultContainer.Register(ExportResolver exportResolver) in c:\Users\Tauron\Documents\Visual Studio 2012\Projects\X-Force-Rewrite\X-Force-Rewrite\Tauron.Application.Common\Application\Ioc\DefaultContainer.cs:Zeile 287.
   bei Tauron.Application.CommonApplication.Fill(IContainer container) in c:\Users\Tauron\Documents\Visual Studio 2012\Projects\X-Force-Rewrite\X-Force-Rewrite\Tauron.Application.Common\Application\Content\ApplicationManagment\CommonApplication.cs:Zeile 257.
   bei Tauron.Application.CommonApplication.PerformStartup() in c:\Users\Tauron\Documents\Visual Studio 2012\Projects\X-Force-Rewrite\X-Force-Rewrite\Tauron.Application.Common\Application\Content\ApplicationManagment\CommonApplication.cs:Zeile 342.

Additional Info:

MachineName : GAMERPC
TimeStamp : 19.01.2014 12:06:36
FullName : Microsoft.Practices.EnterpriseLibrary.ExceptionHandling, Version=6.0.0.0, Culture=neutral, PublicKeyToken=31bf3856ad364e35
AppDomainName : RadioStreamer.vshost.exe
ThreadIdentity : GAMERPC\Tauron
WindowsIdentity : GAMERPC\Tauron


----------------------------------------
----------------------------------------
HandlingInstanceID: 13c2c2eb-affe-47a5-a0f4-94bed90b5b4c
An exception of type 'System.InvalidOperationException' occurred and was caught.
--------------------------------------------------------------------------------
01/19/2014 19:26:04
Type : System.InvalidOperationException, mscorlib, Version=4.0.0.0, Culture=neutral, PublicKeyToken=b77a5c561934e089
Message : Der aufrufende Thread kann nicht auf dieses Objekt zugreifen, da sich das Objekt im Besitz eines anderen Threads befindet.
Source : WindowsBase
Help link : 
Data : System.Collections.ListDictionaryInternal
TargetSite : Void VerifyAccess()
HResult : -2146233079
Stack Trace :    bei System.Windows.Threading.Dispatcher.VerifyAccess()
   bei System.Windows.DependencyObject.SetValue(DependencyProperty dp, Object value)
   bei System.Windows.FrameworkElement.set_Name(String value)
   bei Tauron.Application.Views.ViewManager.CreateWindow(String name) in c:\Users\Tauron\Documents\Visual Studio 2012\Projects\X-Force-Rewrite\X-Force-Rewrite\Tauron.Application.Common.Wpf\Views\ViewManager.cs:Zeile 192.
   bei Tauron.Application.RadioStreamer.App.DoStartup(CommandLineProcessor prcessor) in c:\Users\Tauron\Documents\Visual Studio 2012\Projects\RadioStreamer Slim\RadioStreamer\App.cs:Zeile 45.
   bei Tauron.Application.CommonApplication.PerformStartup() in c:\Users\Tauron\Documents\Visual Studio 2012\Projects\X-Force-Rewrite\X-Force-Rewrite\Tauron.Application.Common\Application\Content\ApplicationManagment\CommonApplication.cs:Zeile 354.

Additional Info:

MachineName : GAMERPC
TimeStamp : 19.01.2014 18:26:04
FullName : Microsoft.Practices.EnterpriseLibrary.ExceptionHandling, Version=6.0.0.0, Culture=neutral, PublicKeyToken=31bf3856ad364e35
AppDomainName : RadioStreamer.vshost.exe
ThreadIdentity : GAMERPC\Tauron
WindowsIdentity : GAMERPC\Tauron


----------------------------------------
